2026-06-12 20:25:40,511 - INFO - Initiating SELL order for 0.5 ETHUSDT (Type: LIMIT)
2026-06-12 20:25:40,512 - INFO - Request URL: https://testnet.binancefuture.com/fapi/v1/order | Payload: {'symbol': 'ETHUSDT', 'side': 'SELL', 'type': 'LIMIT', 'quantity': 0.5, 'timestamp': 1781276140509, 'price': 3500.0, 'timeInForce': 'GTC', 'signature': '53c5684f7f2e9b60ae82a33066c1ad95a0eb9af2a2065b3baa644819a591c31d'}
2026-06-12 20:25:42,644 - INFO - Order Success. Response: {'orderId': 9652635749, 'symbol': 'ETHUSDT', 'status': 'NEW', 'clientOrderId': 'AKNbqBGStJXLZIJo734V5W', 'price': '3500.00', 'origQty': '0.500', 'executedQty': '0.000', 'cumQty': '0.000', 'timeInForce': 'GTC', 'type': 'LIMIT', 'reduceOnly': False, 'closePosition': False, 'side': 'SELL', 'positionSide': 'BOTH', 'stopPrice': '0.00', 'workingType': 'CONTRACT_PRICE', 'priceProtect': False, 'origType': 'LIMIT', 'priceMatch': 'NONE', 'selfTradePreventionMode': 'EXPIRE_MAKER', 'goodTillDate': 0, 'updateTime': 1781276140096}
2026-06-12 20:25:59,303 - INFO - Initiating SELL order for 0.5 ETHUSDT (Type: LIMIT)
2026-06-12 20:25:59,305 - INFO - Request URL: https://testnet.binancefuture.com/fapi/v1/order | Payload: {'symbol': 'ETHUSDT', 'side': 'SELL', 'type': 'LIMIT', 'quantity': 0.5, 'timestamp': 1781276159300, 'price': 3500.0, 'timeInForce': 'GTC', 'signature': 'c2826016905ba6d374668ec9e65478883504c4d6cc5ffde65f10011dc6ba445b'}
2026-06-12 20:26:02,307 - INFO - Order Success. Response: {'orderId': 9652642932, 'symbol': 'ETHUSDT', 'status': 'NEW', 'clientOrderId': 'ABdBhO7bRQ6lQp0bFbo1sP', 'price': '3500.00', 'origQty': '0.500', 'executedQty': '0.000', 'cumQty': '0.000', 'timeInForce': 'GTC', 'type': 'LIMIT', 'reduceOnly': False, 'closePosition': False, 'side': 'SELL', 'positionSide': 'BOTH', 'stopPrice': '0.00', 'workingType': 'CONTRACT_PRICE', 'priceProtect': False, 'origType': 'LIMIT', 'priceMatch': 'NONE', 'selfTradePreventionMode': 'EXPIRE_MAKER', 'goodTillDate': 0, 'updateTime': 1781276159789}
2026-06-12 20:26:23,035 - INFO - Initiating SELL order for 0.5 ETHUSDT (Type: LIMIT)
2026-06-12 20:26:23,037 - INFO - Request URL: https://testnet.binancefuture.com/fapi/v1/order | Payload: {'symbol': 'ETHUSDT', 'side': 'SELL', 'type': 'LIMIT', 'quantity': 0.5, 'timestamp': 1781276183035, 'price': 3500.0, 'timeInForce': 'GTC', 'signature': '24b8c6c4f2486080c16d56dff66d3ef9cfb5627b58df87b8a9f5d8f4785b8818'}
2026-06-12 20:26:24,981 - INFO - Order Success. Response: {'orderId': 9652656462, 'symbol': 'ETHUSDT', 'status': 'NEW', 'clientOrderId': '8u08Hs8HJw6izMM35Jr9Yl', 'price': '3500.00', 'origQty': '0.500', 'executedQty': '0.000', 'cumQty': '0.000', 'timeInForce': 'GTC', 'type': 'LIMIT', 'reduceOnly': False, 'closePosition': False, 'side': 'SELL', 'positionSide': 'BOTH', 'stopPrice': '0.00', 'workingType': 'CONTRACT_PRICE', 'priceProtect': False, 'origType': 'LIMIT', 'priceMatch': 'NONE', 'selfTradePreventionMode': 'EXPIRE_MAKER', 'goodTillDate': 0, 'updateTime': 1781276182494}
2026-06-12 20:41:51,928 - INFO - Initiating BUY order for 0.5 ETHUSDT (Type: LIMIT)
2026-06-12 20:41:51,932 - INFO - Request URL: https://testnet.binancefuture.com/fapi/v1/order | Payload: {'symbol': 'ETHUSDT', 'side': 'BUY', 'type': 'LIMIT', 'quantity': 0.5, 'timestamp': 1781277111925, 'price': 3500.0, 'timeInForce': 'GTC', 'signature': '02e445a5502e11afc37391f05413c108996070f1af4d3bd9a09dd9280f35c59f'}
2026-06-12 20:41:54,556 - ERROR - API Error: HTTP 400 - {"code":-4016,"msg":"Limit price can't be higher than 1771.54."}
2026-06-12 20:42:08,499 - INFO - Initiating BUY order for 0.5 ETHUSDT (Type: LIMIT)
2026-06-12 20:42:08,501 - INFO - Request URL: https://testnet.binancefuture.com/fapi/v1/order | Payload: {'symbol': 'ETHUSDT', 'side': 'BUY', 'type': 'LIMIT', 'quantity': 0.5, 'timestamp': 1781277128499, 'price': 1500.0, 'timeInForce': 'GTC', 'signature': '7b9f359c1eb49056c5bdf554efdb930babc6ad6b7e604b059b8eba90bb71b88b'}
2026-06-12 20:42:10,880 - INFO - Order Success. Response: {'orderId': 9653187684, 'symbol': 'ETHUSDT', 'status': 'NEW', 'clientOrderId': '6MIoOR3CiAKywlLkQWH612', 'price': '1500.00', 'origQty': '0.500', 'executedQty': '0.000', 'cumQty': '0.000', 'timeInForce': 'GTC', 'type': 'LIMIT', 'reduceOnly': False, 'closePosition': False, 'side': 'BUY', 'positionSide': 'BOTH', 'stopPrice': '0.00', 'workingType': 'CONTRACT_PRICE', 'priceProtect': False, 'origType': 'LIMIT', 'priceMatch': 'NONE', 'selfTradePreventionMode': 'EXPIRE_MAKER', 'goodTillDate': 0, 'updateTime': 1781277128364}
2026-06-12 20:43:11,599 - INFO - Fetching order status for ETHUSDT - Order ID: 12345678
2026-06-12 20:43:13,499 - ERROR - API Error: HTTP 404 - {"code":-5000,"msg":"Path /fapi/v1/orders, Method GET is invalid"}
2026-06-12 20:43:30,189 - INFO - Fetching order status for ETHUSDT - Order ID: 653187684
2026-06-12 20:43:32,552 - ERROR - API Error: HTTP 404 - {"code":-5000,"msg":"Path /fapi/v1/orders, Method GET is invalid"}
2026-06-12 20:43:51,045 - INFO - Fetching order status for ETHUSDT - Order ID: 9653187684
2026-06-12 20:43:53,535 - ERROR - API Error: HTTP 404 - {"code":-5000,"msg":"Path /fapi/v1/orders, Method GET is invalid"}
2026-06-12 20:44:18,865 - INFO - Fetching order status for ETHUSDT - Order ID: 9653187684
2026-06-12 20:44:21,085 - ERROR - API Error: HTTP 404 - {"code":-5000,"msg":"Path /fapi/v1/orders, Method GET is invalid"}
2026-06-12 20:45:11,853 - INFO - Fetching order status for ETHUSDT - Order ID: 9652656462
2026-06-12 20:45:15,585 - ERROR - API Error: HTTP 404 - {"code":-5000,"msg":"Path /fapi/v1/orders, Method GET is invalid"}
2026-06-12 20:45:35,855 - INFO - Fetching order status for ETHUSDT - Order ID: 9652656462
2026-06-12 20:45:38,089 - INFO - Order Status: {'orderId': 9652656462, 'symbol': 'ETHUSDT', 'status': 'NEW', 'clientOrderId': '8u08Hs8HJw6izMM35Jr9Yl', 'price': '3500.00', 'avgPrice': '0.00', 'origQty': '0.500', 'executedQty': '0.000', 'cumQuote': '0.00000', 'timeInForce': 'GTC', 'type': 'LIMIT', 'reduceOnly': False, 'closePosition': False, 'side': 'SELL', 'positionSide': 'BOTH', 'stopPrice': '0.00', 'workingType': 'CONTRACT_PRICE', 'priceProtect': False, 'origType': 'LIMIT', 'priceMatch': 'NONE', 'selfTradePreventionMode': 'EXPIRE_MAKER', 'goodTillDate': 0, 'time': 1781276182494, 'updateTime': 1781276182494}
2026-06-12 20:45:55,647 - INFO - Fetching order status for ETHUSDT - Order ID: 9653187684
2026-06-12 20:46:07,178 - ERROR - Request timeout - Binance API took too long to respond
2026-06-12 20:46:15,518 - INFO - Fetching order status for ETHUSDT - Order ID: 9653187684
2026-06-12 20:46:17,821 - INFO - Order Status: {'orderId': 9653187684, 'symbol': 'ETHUSDT', 'status': 'NEW', 'clientOrderId': '6MIoOR3CiAKywlLkQWH612', 'price': '1500.00', 'avgPrice': '0.00', 'origQty': '0.500', 'executedQty': '0.000', 'cumQuote': '0.00000', 'timeInForce': 'GTC', 'type': 'LIMIT', 'reduceOnly': False, 'closePosition': False, 'side': 'BUY', 'positionSide': 'BOTH', 'stopPrice': '0.00', 'workingType': 'CONTRACT_PRICE', 'priceProtect': False, 'origType': 'LIMIT', 'priceMatch': 'NONE', 'selfTradePreventionMode': 'EXPIRE_MAKER', 'goodTillDate': 0, 'time': 1781277128364, 'updateTime': 1781277128364}
